\BOOKMARK [1][-]{section.1}{\376\377\004\022\004\062\004\065\004\064\004\065\004\075\004\070\004\065}{}% 1
\BOOKMARK [1][-]{section.2}{\376\377\004\020\004\072\004\102\004\103\004\060\004\073\004\114\004\075\004\076\004\101\004\102\004\114}{}% 2
\BOOKMARK [1][-]{section.3}{\376\377\004\037\004\076\004\101\004\102\004\060\004\075\004\076\004\062\004\072\004\060\000\040\004\067\004\060\004\064\004\060\004\107\004\070}{}% 3
\BOOKMARK [1][-]{section.4}{\376\377\004\020\004\075\004\060\004\073\004\070\004\067\000\040\004\077\004\100\004\065\004\064\004\074\004\065\004\102\004\075\004\076\004\071\000\040\004\076\004\061\004\073\004\060\004\101\004\102\004\070}{}% 4
\BOOKMARK [2][-]{subsection.4.1}{\376\377\004\022\004\070\004\100\004\102\004\103\004\060\004\073\004\070\004\067\004\060\004\106\004\070\004\117}{section.4}% 5
\BOOKMARK [3][-]{subsubsection.4.1.1}{\376\377\004\032\004\073\004\060\004\101\004\101\004\070\004\107\004\065\004\101\004\072\004\070\004\071\000\040\004\072\004\100\004\070\004\102\004\065\004\100\004\070\004\071\000\040\004\062\004\070\004\100\004\102\004\103\004\060\004\073\004\070\004\067\004\103\004\065\004\074\004\076\004\101\004\102\004\070}{subsection.4.1}% 6
\BOOKMARK [3][-]{subsubsection.4.1.2}{\376\377\004\042\004\070\004\077\004\113\000\040\004\063\004\070\004\077\004\065\004\100\004\062\004\070\004\067\004\076\004\100\004\076\004\062}{subsection.4.1}% 7
\BOOKMARK [2][-]{subsection.4.2}{\376\377\004\020\004\100\004\105\004\070\004\102\004\065\004\072\004\102\004\103\004\100\004\060\000\040\004\077\004\100\004\076\004\106\004\065\004\101\004\101\004\076\004\100\004\076\004\062\000\040\000I\000n\000t\000e\000l\000\040\000x\0008\0006}{section.4}% 8
\BOOKMARK [3][-]{subsubsection.4.2.1}{\376\377\004\027\004\060\004\063\004\100\004\103\004\067\004\072\004\060\000\040\004\070\004\067\000\040\004\061\004\103\004\102\004\101\004\065\004\072\004\102\004\076\004\100\004\060\000\040\000\050\000b\000o\000o\000t\000s\000e\000c\000t\000o\000r\000\051\000\040\004\070\000\040\004\100\004\060\004\061\004\076\004\102\004\060\000\040\004\062\000\040\000R\000e\000a\000l\000\040\000M\000o\000d\000e}{subsection.4.2}% 9
\BOOKMARK [3][-]{subsubsection.4.2.2}{\376\377\004\035\004\060\004\101\004\102\004\100\004\076\004\071\004\072\004\060\000\040\004\062\004\070\004\064\004\065\004\076\004\060\004\064\004\060\004\077\004\102\004\065\004\100\004\060}{subsection.4.2}% 10
\BOOKMARK [3][-]{subsubsection.4.2.3}{\376\377\004\035\004\060\004\101\004\102\004\100\004\076\004\071\004\072\004\060\000\040\0003\0002\000-\004\061\004\070\004\102\004\075\004\076\004\071\000\040\000G\000D\000T\000\040\004\070\000\040\004\077\004\065\004\100\004\065\004\105\004\076\004\064\000\040\004\062\000\040\000P\000r\000o\000t\000e\000c\000t\000e\000d\000\040\000M\000o\000d\000e}{subsection.4.2}% 11
\BOOKMARK [3][-]{subsubsection.4.2.4}{\376\377\004\035\004\060\004\101\004\102\004\100\004\076\004\071\004\072\004\060\000\040\0006\0004\000-\004\061\004\070\004\102\004\075\004\113\004\105\000\040\004\102\004\060\004\061\004\073\004\070\004\106\000\040\004\101\004\102\004\100\004\060\004\075\004\070\004\107\004\075\004\076\004\071\000\040\004\102\004\100\004\060\004\075\004\101\004\073\004\117\004\106\004\070\004\070\000\040\004\070\000\040\004\077\004\065\004\100\004\065\004\105\004\076\004\064\000\040\004\062\000\040\000L\000o\000n\000g\000\040\000M\000o\000d\000e}{subsection.4.2}% 12
\BOOKMARK [3][-]{subsubsection.4.2.5}{\376\377\004\035\004\060\004\101\004\102\004\100\004\076\004\071\004\072\004\060\000\040\004\076\004\061\004\100\004\060\004\061\004\076\004\102\004\072\004\060\000\040\004\070\004\101\004\072\004\073\004\116\004\107\004\065\004\075\004\070\004\071\000\040\004\070\000\040\004\077\004\100\004\065\004\100\004\113\004\062\004\060\004\075\004\070\004\071}{subsection.4.2}% 13
\BOOKMARK [3][-]{subsubsection.4.2.6}{\376\377\004\035\004\060\004\101\004\102\004\100\004\076\004\071\004\072\004\060\000\040\004\060\004\077\004\077\004\060\004\100\004\060\004\102\004\075\004\076\004\071\000\040\004\062\004\070\004\100\004\102\004\103\004\060\004\073\004\070\004\067\004\060\004\106\004\070\004\070}{subsection.4.2}% 14
\BOOKMARK [3][-]{subsubsection.4.2.7}{\376\377\004\036\004\061\004\100\004\060\004\061\004\076\004\102\004\072\004\060\000\040\004\062\004\113\004\067\004\076\004\062\004\076\004\062\000\040\004\070\004\067\000\040\004\062\004\070\004\100\004\102\004\103\004\060\004\073\004\114\004\075\004\076\004\071\000\040\004\074\004\060\004\110\004\070\004\075\004\113}{subsection.4.2}% 15
\BOOKMARK [1][-]{section.5}{\376\377\004\036\004\061\004\067\004\076\004\100\000\040\004\060\004\075\004\060\004\073\004\076\004\063\004\076\004\062}{}% 16
\BOOKMARK [1][-]{section.6}{\376\377\004\045\004\076\004\064\000\040\004\100\004\060\004\061\004\076\004\102\004\113}{}% 17
\BOOKMARK [2][-]{subsection.6.1}{\376\377\004\030\004\067\004\103\004\107\004\065\004\075\004\070\004\065\000\040\000R\000e\000a\000l\000\040\000M\000o\000d\000e\000\040\004\060\004\101\004\101\004\065\004\074\004\061\004\073\004\065\004\100\004\060\000\040\000\050\0001\0006\000b\000i\000t\000\051}{section.6}% 18
\BOOKMARK [2][-]{subsection.6.2}{\376\377\004\030\004\067\004\103\004\107\004\065\004\075\004\070\004\065\000\040\000P\000r\000o\000t\000e\000c\000t\000e\000d\000\040\000M\000o\000d\000e\000\040\000\050\0003\0002\000b\000i\000t\000\051}{section.6}% 19
\BOOKMARK [2][-]{subsection.6.3}{\376\377\004\030\004\067\004\103\004\107\004\065\004\075\004\070\004\065\000\040\004\102\004\076\004\077\004\076\004\073\004\076\004\063\004\070\004\070\000\040\004\117\004\064\004\065\004\100\000\040\004\070\000\040\004\077\004\100\004\076\004\106\004\065\004\101\004\101\004\076\004\100\004\076\004\062\000\040\000\050\000A\000C\000P\000I\000:\000\040\000S\000R\000A\000T\000,\000\040\000S\000L\000I\000T\000\051}{section.6}% 20
\BOOKMARK [2][-]{subsection.6.4}{\376\377\004\030\004\067\004\103\004\107\004\065\004\075\004\070\004\065\000\040\000L\000o\000n\000g\000\040\000M\000o\000d\000e\000\040\000\050\0006\0004\000\040\000b\000i\000t\000,\000\040\000x\0008\0006\000-\0006\0004\000\051}{section.6}% 21
\BOOKMARK [2][-]{subsection.6.5}{\376\377\004\030\004\067\004\103\004\107\004\065\004\075\004\070\004\065\000\040\004\060\004\077\004\077\004\060\004\100\004\102\004\075\004\113\004\105\000\040\004\074\004\065\004\105\004\060\004\075\004\070\004\067\004\074\004\076\004\062\000\040\004\062\004\070\004\100\004\102\004\103\004\060\004\073\004\070\004\067\004\060\004\106\004\070\004\070\000\040\000V\000M\000X\000\040\000\050\000V\000T\000-\000i\000,\000\040\000V\000T\000-\000d\000\051}{section.6}% 22
\BOOKMARK [1][-]{section.7}{\376\377\004\037\004\100\004\076\004\063\004\100\004\060\004\074\004\074\004\075\004\060\004\117\000\040\004\100\004\065\004\060\004\073\004\070\004\067\004\060\004\106\004\070\004\117}{}% 23
\BOOKMARK [1][-]{section.8}{\376\377\004\037\004\100\004\070\004\074\004\065\004\100\000\040\004\070\004\101\004\077\004\076\004\073\004\114\004\067\004\076\004\062\004\060\004\075\004\070\004\117}{}% 24
\BOOKMARK [1][-]{section.9}{\376\377\004\040\004\065\004\067\004\103\004\073\004\114\004\102\004\060\004\102}{}% 25
\BOOKMARK [1][-]{section.10}{\376\377\004\022\004\113\004\062\004\076\004\064\004\113}{}% 26
\BOOKMARK [1][-]{section.11}{\376\377\004\021\004\073\004\060\004\063\004\076\004\064\004\060\004\100\004\075\004\076\004\101\004\102\004\070}{}% 27
\BOOKMARK [1][-]{section.12}{\376\377\004\041\004\077\004\070\004\101\004\076\004\072\000\040\004\073\004\070\004\102\004\065\004\100\004\060\004\102\004\103\004\100\004\113}{}% 28
